# JRE version: Java(TM) SE Runtime Environment (17.0.12+8) (build 17.0.12+8-LTS-286)
# Java VM: Java HotSpot(TM) 64-Bit Server VM (17.0.12+8-LTS-286, mixed mode, sharing, tiered, compressed oops, compressed class ptrs, g1 gc, windows-amd64)
GC Precious Log:
 CPUs: 8 total, 8 available
 Memory: 8013M
 Large Page Support: Disabled
 NUMA Support: Disabled
 Compressed Oops: Enabled (Zero based)
 Heap Region Size: 2M
 Heap Min Capacity: 8M
 Heap Initial Capacity: 126M
 Heap Max Capacity: 4G
 Pre-touch: Disabled
 Parallel Workers: 8
 Concurrent Workers: 2
 Concurrent Refinement Workers: 8
 Periodic GC: Disabled
Heap:
 garbage-first heap   total 208896K, used 130584K [0x0000000700000000, 0x0000000800000000)
  region size 2048K, 3 young (6144K), 3 survivors (6144K)
 Metaspace       used 109189K, committed 109888K, reserved 1179648K
  class space    used 14005K, committed 14336K, reserved 1048576K
GC Heap History (20 events):
Event: 44.891 GC heap after
{Heap after GC invocations=31 (full 0):
 garbage-first heap   total 147456K, used 79832K [0x0000000700000000, 0x0000000800000000)
  region size 2048K, 2 young (4096K), 2 survivors (4096K)
 Metaspace       used 80342K, committed 80960K, reserved 1179648K
  class space    used 10498K, committed 10816K, reserved 1048576K
}
Event: 45.457 GC heap before
{Heap before GC invocations=32 (full 0):
 garbage-first heap   total 147456K, used 108504K [0x0000000700000000, 0x0000000800000000)
  region size 2048K, 17 young (34816K), 2 survivors (4096K)
 Metaspace       used 83673K, committed 84288K, reserved 1179648K
  class space    used 10819K, committed 11136K, reserved 1048576K
}
Event: 45.462 GC heap after
{Heap after GC invocations=33 (full 0):
 garbage-first heap   total 147456K, used 82944K [0x0000000700000000, 0x0000000800000000)
  region size 2048K, 2 young (4096K), 2 survivors (4096K)
 Metaspace       used 83673K, committed 84288K, reserved 1179648K
  class space    used 10819K, committed 11136K, reserved 1048576K
}
Event: 46.137 GC heap before
{Heap before GC invocations=33 (full 0):
 garbage-first heap   total 147456K, used 111616K [0x0000000700000000, 0x0000000800000000)
  region size 2048K, 16 young (32768K), 2 survivors (4096K)
 Metaspace       used 87058K, committed 87680K, reserved 1179648K
  class space    used 11135K, committed 11456K, reserved 1048576K
}
Event: 46.143 GC heap after
{Heap after GC invocations=34 (full 0):
 garbage-first heap   total 147456K, used 85338K [0x0000000700000000, 0x0000000800000000)
  region size 2048K, 2 young (4096K), 2 survivors (4096K)
 Metaspace       used 87058K, committed 87680K, reserved 1179648K
  class space    used 11135K, committed 11456K, reserved 1048576K
}
Event: 46.791 GC heap before
{Heap before GC invocations=35 (full 0):
 garbage-first heap   total 157696K, used 114010K [0x0000000700000000, 0x0000000800000000)
  region size 2048K, 16 young (32768K), 2 survivors (4096K)
 Metaspace       used 90256K, committed 90944K, reserved 1179648K
  class space    used 11456K, committed 11776K, reserved 1048576K
}
Event: 46.796 GC heap after
{Heap after GC invocations=36 (full 0):
 garbage-first heap   total 157696K, used 87195K [0x0000000700000000, 0x0000000800000000)
  region size 2048K, 2 young (4096K), 2 survivors (4096K)
 Metaspace       used 90256K, committed 90944K, reserved 1179648K
  class space    used 11456K, committed 11776K, reserved 1048576K
}
Event: 47.474 GC heap before
{Heap before GC invocations=36 (full 0):
 garbage-first heap   total 157696K, used 124059K [0x0000000700000000, 0x0000000800000000)
  region size 2048K, 20 young (40960K), 2 survivors (4096K)
 Metaspace       used 94417K, committed 95104K, reserved 1179648K
  class space    used 12029K, committed 12352K, reserved 1048576K
}
Event: 47.481 GC heap after
{Heap after GC invocations=37 (full 0):
 garbage-first heap   total 157696K, used 89697K [0x0000000700000000, 0x0000000800000000)
  region size 2048K, 3 young (6144K), 3 survivors (6144K)
 Metaspace       used 94417K, committed 95104K, reserved 1179648K
  class space    used 12029K, committed 12352K, reserved 1048576K
}
Event: 48.269 GC heap before
{Heap before GC invocations=38 (full 0):
 garbage-first heap   total 163840K, used 124513K [0x0000000700000000, 0x0000000800000000)
  region size 2048K, 20 young (40960K), 3 survivors (6144K)
 Metaspace       used 99256K, committed 99968K, reserved 1179648K
  class space    used 12510K, committed 12864K, reserved 1048576K
}
Event: 48.279 GC heap after
{Heap after GC invocations=39 (full 0):
 garbage-first heap   total 163840K, used 90549K [0x0000000700000000, 0x0000000800000000)
  region size 2048K, 2 young (4096K), 2 survivors (4096K)
 Metaspace       used 99256K, committed 99968K, reserved 1179648K
  class space    used 12510K, committed 12864K, reserved 1048576K
}
Event: 49.482 GC heap before
{Heap before GC invocations=39 (full 0):
 garbage-first heap   total 163840K, used 131509K [0x0000000700000000, 0x0000000800000000)
  region size 2048K, 22 young (45056K), 2 survivors (4096K)
 Metaspace       used 103826K, committed 104448K, reserved 1179648K
  class space    used 13220K, committed 13504K, reserved 1048576K
}
Event: 49.490 GC heap after
{Heap after GC invocations=40 (full 0):
 garbage-first heap   total 163840K, used 92050K [0x0000000700000000, 0x0000000800000000)
  region size 2048K, 3 young (6144K), 3 survivors (6144K)
 Metaspace       used 103826K, committed 104448K, reserved 1179648K
  class space    used 13220K, committed 13504K, reserved 1048576K
}
Event: 50.946 GC heap before
{Heap before GC invocations=41 (full 0):
 garbage-first heap   total 163840K, used 133010K [0x0000000700000000, 0x0000000800000000)
  region size 2048K, 23 young (47104K), 3 survivors (6144K)
 Metaspace       used 108126K, committed 108864K, reserved 1179648K
  class space    used 13898K, committed 14208K, reserved 1048576K
}
Event: 50.953 GC heap after
{Heap after GC invocations=42 (full 0):
 garbage-first heap   total 163840K, used 94232K [0x0000000700000000, 0x0000000800000000)
  region size 2048K, 3 young (6144K), 3 survivors (6144K)
 Metaspace       used 108126K, committed 108864K, reserved 1179648K
  class space    used 13898K, committed 14208K, reserved 1048576K
}
Event: 51.257 GC heap before
{Heap before GC invocations=42 (full 0):
 garbage-first heap   total 163840K, used 133144K [0x0000000700000000, 0x0000000800000000)
  region size 2048K, 22 young (45056K), 3 survivors (6144K)
 Metaspace       used 108863K, committed 109568K, reserved 1179648K
  class space    used 13997K, committed 14336K, reserved 1048576K
}
Event: 51.273 GC heap after
{Heap after GC invocations=43 (full 0):
 garbage-first heap   total 163840K, used 107933K [0x0000000700000000, 0x0000000800000000)
  region size 2048K, 3 young (6144K), 3 survivors (6144K)
 Metaspace       used 108863K, committed 109568K, reserved 1179648K
  class space    used 13997K, committed 14336K, reserved 1048576K
}
Event: 51.552 GC heap before
{Heap before GC invocations=44 (full 0):
 garbage-first heap   total 208896K, used 128413K [0x0000000700000000, 0x0000000800000000)
  region size 2048K, 13 young (26624K), 3 survivors (6144K)
 Metaspace       used 109006K, committed 109696K, reserved 1179648K
  class space    used 14005K, committed 14336K, reserved 1048576K
}
Event: 51.570 GC heap after
{Heap after GC invocations=45 (full 0):
 garbage-first heap   total 208896K, used 114772K [0x0000000700000000, 0x0000000800000000)
  region size 2048K, 2 young (4096K), 2 survivors (4096K)
 Metaspace       used 109006K, committed 109696K, reserved 1179648K
  class space    used 14005K, committed 14336K, reserved 1048576K
}
Event: 51.979 GC heap before
{Heap before GC invocations=45 (full 0):
 garbage-first heap   total 208896K, used 155732K [0x0000000700000000, 0x0000000800000000)
  region size 2048K, 23 young (47104K), 2 survivors (4096K)
 Metaspace       used 109189K, committed 109888K, reserved 1179648K
  class space    used 14005K, committed 14336K, reserved 1048576K
}

